ERROR 2024-02-29 11:17:43,154 views 22480 19712 error to creating  user
ERROR 2024-02-29 11:23:39,771 views 20100 14000 error to creating  user
ERROR 2024-02-29 11:28:50,645 views 12312 14504 error to creating  user
ERROR 2024-02-29 11:29:03,591 views 12312 14504 error to creating  user
ERROR 2024-02-29 11:29:43,027 views 12312 14504 error to creating  user
ERROR 2024-02-29 11:30:12,792 views 12312 14504 error to creating  user
ERROR 2024-02-29 11:30:27,701 views 12312 14504 error to creating  user
ERROR 2024-02-29 11:35:45,954 views 5688 12300 error to creating  user
ERROR 2024-02-29 11:44:22,973 views 21776 16780 error to creating  user
ERROR 2024-02-29 11:57:50,036 views 18476 364 error to creating  user
ERROR 2024-02-29 12:08:50,089 views 21628 4892 error to creating  user
ERROR 2024-02-29 12:12:29,697 views 21628 4892 error to creating  user
ERROR 2024-02-29 12:13:19,172 views 21628 4892 error to creating  user
ERROR 2024-02-29 12:13:57,276 views 21628 4892 error to creating  user
INFO 2024-02-29 14:22:33,829 views 19000 7140 Data retrived successfully
INFO 2024-02-29 14:23:05,193 views 19000 7140 Data retrived successfully
INFO 2024-02-29 14:23:13,247 views 19000 7140 Data retrived successfully
INFO 2024-02-29 14:23:21,320 views 19000 7140 Data retrived successfully
ERROR 2024-02-29 14:23:38,901 views 19000 7140 Error to update data
ERROR 2024-02-29 14:23:49,609 views 19000 7140 Error to update data
ERROR 2024-02-29 14:31:18,122 views 19000 7140 Error to update data
ERROR 2024-02-29 15:24:59,930 views 11752 22404 Error to update data
ERROR 2024-02-29 15:27:45,506 views 6784 14440 Error to update data
ERROR 2024-02-29 15:28:52,848 views 6784 14440 Error to update data
ERROR 2024-02-29 15:29:47,031 views 6784 14440 Error to update data
ERROR 2024-02-29 15:30:03,754 views 6784 14440 Error to update data
ERROR 2024-02-29 15:32:58,312 views 13104 17004 Error to update data
ERROR 2024-02-29 15:34:17,415 views 13104 17004 Error to update data
ERROR 2024-02-29 15:35:57,224 views 13104 17004 Error to update data
INFO 2024-02-29 15:36:16,938 views 13104 17004 Data Updated Successfully...
INFO 2024-02-29 15:38:36,733 views 13104 17004 data updated succefully..
INFO 2024-02-29 15:43:05,733 views 13104 17004 data updated succefully..
INFO 2024-02-29 15:44:45,858 views 13104 17004 Record is deleted successfully..
ERROR 2024-03-06 14:56:09,025 views 17876 17744 error to creating  user
ERROR 2024-03-06 14:59:42,305 views 17876 17744 error to creating  user
INFO 2024-03-06 15:42:41,142 views 19952 16700 Data Fetch successfully...
INFO 2024-03-06 15:53:31,295 views 19952 16700 Data Fetch successfully...
INFO 2024-03-06 15:56:13,597 views 5068 10256 Data Fetch successfully...
ERROR 2024-03-06 16:06:01,612 views 4124 8784 error to creating  user
INFO 2024-03-06 16:07:53,203 views 21240 2064 Data Fetch successfully...
